<?xml version="1.0" encoding="utf-8"?><testsuites name="pytest tests"><testsuite name="pytest" errors="0" failures="0" skipped="0" tests="4" time="1.769" timestamp="2026-07-04T16:47:39.283185+00:00" hostname="agent-env-57d65d3b-6973-4316-9547-dad4d0082db1"><testcase classname="tests.iteration2_test" name="test_products_count_and_updated_images" time="0.192" /><testcase classname="tests.iteration2_test" name="test_updated_image_urls_are_reachable" time="0.161" /><testcase classname="tests.iteration2_test" name="test_inquiry_public_post" time="0.158" /><testcase classname="tests.iteration2_test" name="test_admin_login_and_list_inquiries" time="0.415" /></testsuite></testsuites>